/home/sei/.rbenv/versions/1.9.3-p194/lib/ruby/1.9.1/net/protocol.rb:143:in `select': Interrupt
	from /home/sei/.rbenv/versions/1.9.3-p194/lib/ruby/1.9.1/net/protocol.rb:143:in `rescue in rbuf_fill'
	from /home/sei/.rbenv/versions/1.9.3-p194/lib/ruby/1.9.1/net/protocol.rb:140:in `rbuf_fill'
	from /home/sei/.rbenv/versions/1.9.3-p194/lib/ruby/1.9.1/net/protocol.rb:110:in `read_all'
	from /home/sei/.rbenv/versions/1.9.3-p194/lib/ruby/1.9.1/net/http.rb:2763:in `read_body_0'
	from /home/sei/.rbenv/versions/1.9.3-p194/lib/ruby/1.9.1/net/http.rb:2710:in `read_body'
	from /home/sei/.rbenv/versions/1.9.3-p194/lib/ruby/gems/1.9.1/gems/userstream-1.2.2/lib/user_stream/api.rb:72:in `block in process'
	from /home/sei/.rbenv/versions/1.9.3-p194/lib/ruby/1.9.1/net/http.rb:1322:in `block (2 levels) in transport_request'
	from /home/sei/.rbenv/versions/1.9.3-p194/lib/ruby/1.9.1/net/http.rb:2671:in `reading_body'
	from /home/sei/.rbenv/versions/1.9.3-p194/lib/ruby/1.9.1/net/http.rb:1321:in `block in transport_request'
	from /home/sei/.rbenv/versions/1.9.3-p194/lib/ruby/1.9.1/net/http.rb:1316:in `catch'
	from /home/sei/.rbenv/versions/1.9.3-p194/lib/ruby/1.9.1/net/http.rb:1316:in `transport_request'
	from /home/sei/.rbenv/versions/1.9.3-p194/lib/ruby/1.9.1/net/http.rb:1293:in `request'
	from /home/sei/.rbenv/versions/1.9.3-p194/lib/ruby/1.9.1/net/http.rb:1286:in `block in request'
	from /home/sei/.rbenv/versions/1.9.3-p194/lib/ruby/1.9.1/net/http.rb:745:in `start'
	from /home/sei/.rbenv/versions/1.9.3-p194/lib/ruby/1.9.1/net/http.rb:1284:in `request'
	from /home/sei/.rbenv/versions/1.9.3-p194/lib/ruby/gems/1.9.1/gems/userstream-1.2.2/lib/user_stream/api.rb:55:in `process'
	from /home/sei/.rbenv/versions/1.9.3-p194/lib/ruby/gems/1.9.1/gems/userstream-1.2.2/lib/user_stream/api.rb:35:in `request'
	from /home/sei/.rbenv/versions/1.9.3-p194/lib/ruby/gems/1.9.1/gems/userstream-1.2.2/lib/user_stream/api.rb:27:in `post'
	from /home/sei/.rbenv/versions/1.9.3-p194/lib/ruby/gems/1.9.1/gems/userstream-1.2.2/lib/user_stream/client.rb:9:in `user'
	from ./bot.rb:32:in `<main>'
{"friends"=>[165462023]}
